<?xml version="1.0" encoding="UTF-8"?>
<testsuite xmlns:xsi="http://www.w3.org/2001/XMLSchema-instance" xsi:noNamespaceSchemaLocation="https://maven.apache.org/surefire/maven-surefire-plugin/xsd/surefire-test-report-3.0.xsd" version="3.0" name="com.universidad.tienda.PedidoServicioTest" time="0.082" tests="3" errors="0" skipped="0" failures="0">
  <properties>
[...]
</properties>
  <testcase name="testCadenaFallaPorStock" classname="com.universidad.tienda.PedidoServicioTest" time="0.034">
    <system-out><![CDATA[[COR] Revisando disponibilidad de stock para el pedido: P001
]]></system-out>
    <system-err><![CDATA[  -> RECHAZADO: No hay existencias del producto.
]]></system-err>
  </testcase>
  <testcase name="testCadenaFallaPorMontoExcedido" classname="com.universidad.tienda.PedidoServicioTest" time="0.013">
    <system-out><![CDATA[[COR] Revisando disponibilidad de stock para el pedido: P002
  -> Stock confirmado.
[COR] Validando solvencia para el monto: $6000.0
]]></system-out>
    <system-err><![CDATA[  -> RECHAZADO: El monto excede el limite de credito automatico.
]]></system-err>
  </testcase>
  <testcase name="testCadenaExitosa" classname="com.universidad.tienda.PedidoServicioTest" time="0.005">
    <system-out><![CDATA[[COR] Revisando disponibilidad de stock para el pedido: P003
  -> Stock confirmado.
[COR] Verificando direccion de envio...
  -> Direccion verificada.
]]></system-out>
  </testcase>
</testsuite>